TN:
SF:/Users/satwikgoyal/Documents/CS-2023-24/30040-Project/BlockBid/contracts/BlockBid.sol
FN:30,Owner721
FN:39,ForSale721
FN:48,sellNft721
FN:65,buyNft721
FNF:4
FNH:0
FNDA:0,Owner721
FNDA:0,ForSale721
FNDA:0,sellNft721
FNDA:0,buyNft721
DA:31,0
DA:32,0
DA:33,0
DA:35,0
DA:40,0
DA:41,0
DA:42,0
DA:44,0
DA:49,0
DA:50,0
DA:54,0
DA:55,0
DA:56,0
DA:60,0
DA:66,0
DA:67,0
DA:68,0
DA:71,0
DA:72,0
DA:75,0
DA:76,0
LF:21
LH:0
BRDA:32,1,0,0
BRDA:32,1,1,0
BRDA:41,2,0,0
BRDA:41,2,1,0
BRDA:48,3,0,0
BRDA:48,3,1,0
BRDA:49,4,0,0
BRDA:49,4,1,0
BRDA:55,5,0,0
BRDA:55,5,1,0
BRDA:65,6,0,0
BRDA:65,6,1,0
BRDA:65,7,0,0
BRDA:65,7,1,0
BRDA:67,8,0,0
BRDA:67,8,1,0
BRDA:72,9,0,0
BRDA:72,9,1,0
BRF:18
BRH:0
end_of_record
TN:
SF:/Users/satwikgoyal/Documents/CS-2023-24/30040-Project/BlockBid/contracts/nft721.sol
FN:10,constructor
FN:14,mintNft
FN:21,getTokenId
FNF:3
FNH:0
FNDA:0,constructor
FNDA:0,mintNft
FNDA:0,getTokenId
DA:11,0
DA:15,0
DA:16,0
DA:17,0
DA:18,0
DA:22,0
LF:6
LH:0
BRF:0
BRH:0
end_of_record
